<?xml version="1.0" encoding="UTF-8"?>
<!-- Generated by org.testng.reporters.JUnitReportReporter -->
<testsuite hostname="NSPHC3FCLKN3" failures="0" tests="1" name="SeleniumDEMO.SeleniumDEMO" time="47.348" errors="0" timestamp="2025-01-14T13:40:26 PST" skipped="0">
  <testcase classname="SeleniumDEMO.SeleniumDEMO" name="clickloginbutton" time="47.348"/>
</testsuite> <!-- SeleniumDEMO.SeleniumDEMO -->
